Build started 06.03.2017 23:41:17.
     1>Project "C:\Users\miki\Desktop\Straight to hell\Кусрач 2\sniff_src\sniff.vcxproj" on node 2 (Build target(s)).
     1>ClCompile:
         C:\Program Files\Microsoft Visual Studio 12.0\VC\bin\CL.exe /c /ZI /nologo /W3 /WX- /Od /Oy- /D WIN32 /D _DEBUG /D _WINDOWS /D _VC80_UPGRADE=0x0600 /D _MBCS /Gm /EHsc /RTC1 /MTd /GS /Gy- /fp:precise /Zc:wchar_t /Zc:forScope /Yc"stdafx.h" /Fp".\Debug\sniff.pch" /Fo".\Debug\\" /Fd".\Debug\vc120.pdb" /Gd /TP /analyze- /errorReport:prompt StdAfx.cpp
         StdAfx.cpp
     1>c:\users\miki\desktop\straight to hell\кусрач 2\sniff_src\stdafx.h(13): fatal error C1083: Cannot open include file: 'winsock2': No such file or directory
     1>Done Building Project "C:\Users\miki\Desktop\Straight to hell\Кусрач 2\sniff_src\sniff.vcxproj" (Build target(s)) -- FAILED.

Build FAILED.

Time Elapsed 00:00:02.12
